<?xml version="1.0" encoding="UTF-8"?>
<!-- Generated by org.testng.reporters.JUnitReportReporter -->
<testsuite hostname="TYSS-Lakshmi" failures="0" tests="2" name="programs.SampleTest" time="0.006" errors="0" timestamp="2024-09-13T10:22:31 IST" skipped="0">
  <testcase classname="programs.SampleTest" name="getDataTest" time="0.006"/>
  <system-out/>
  <testcase classname="programs.SampleTest" name="setDataTest" time="0.000"/>
  <system-out/>
</testsuite> <!-- programs.SampleTest -->
